<?xml version="1.0" encoding="UTF-8"?>
<!-- Generated by org.testng.reporters.JUnitReportReporter -->
<testsuite skipped="0" hostname="DESKTOP-1D1H5F9" name="com.qa.tests.GoogleTitle" tests="1" failures="0" timestamp="25 Apr 2020 14:41:11 GMT" time="15.575" errors="0">
  <testcase name="getTitle1" time="15.575" classname="com.qa.tests.GoogleTitle"/>
</testsuite> <!-- com.qa.tests.GoogleTitle -->
